
                   <IterationsCompensation> </IterationsCompensation>

                    <IterationsCompensation>
                       <SectionContraintes>
                          <ContraintesCamerasInc>
                              <Val> eLiberte_DR1      </Val>
                          </ContraintesCamerasInc>
                       </SectionContraintes>
                       <Messages>  XXXXX ============= LIB  DR1 </Messages>
                    </IterationsCompensation>
                   <IterationsCompensation> </IterationsCompensation>
                   <IterationsCompensation> </IterationsCompensation>
                   <IterationsCompensation> </IterationsCompensation>
                   <IterationsCompensation> </IterationsCompensation>
                   <IterationsCompensation> </IterationsCompensation>

                    <SectionExport>
                            <ExportPose>
                                <PatternSel> (.*) </PatternSel>
                                <KeyAssoc> NKS-Assoc-Im2Orient@TEST${AeroOut} </KeyAssoc>
                                <AddCalib>  true </AddCalib>
                                <NbVerif>  10 </NbVerif>
                                <TolWhenVerif> 1e-3 </TolWhenVerif>
                                <FileExtern> NKS-Assoc-FromFocMm@OriTEST${AeroOut}/AutoCal@.xml </FileExtern>
                                <FileExternIsKey> true </FileExternIsKey>
                            </ExportPose>
                             <ExportCalib>
                                 <KeyAssoc>  NKS-Assoc-FromKeyCal@OriTEST${AeroOut}/AutoCal@.xml </KeyAssoc>
                                 <KeyIsName> false </KeyIsName>
                            </ExportCalib>
                    </SectionExport>

