<!--
    Apero /home/mpd/MMM/culture3d/include/XML_MicMac/Test-Apero-BundleGen.xml   DirectoryChantier=/media/data2/Jeux-Test/Bas/ 

    Apero /home/marc/MMM/culture3d/include/XML_MicMac/Test-Apero-BundleGen.xml   DirectoryChantier=/home/marc/TMP/EPI/Enclos/Bas/
-->

<Global >
   <ParamApero>

       <DicoLoc>


           <Symb>  SetImGB=IMGP939[0-9].PEF </Symb>
<!--
           <Symb>  SetImGB=(_MG_010[0-0].CR2) </Symb>
-->


           <Symb>  AeroIn=-PertTestBundle </Symb>

           <Symb>  AeroOut=-ResBundle </Symb>
           <Symb>  Ext=dat </Symb>

           <Symb>  LibParamInterne=eAllParamFiges  </Symb>
           <Symb>  SigmaTieP=4  </Symb>
           <Symb>  FactMaxRes=50  </Symb>
           <Symb>  NbLiais=100 </Symb>


           <eSymb>  MaxResTieP=* ${SigmaTieP} ${FactMaxRes}  </eSymb>

           <Symb>  Viscos=1 </Symb>
           <eSymb>  TetaLVM=/   0.1 ${Viscos} </eSymb>
           <eSymb>  CentreLVM=/ 1.0  ${Viscos}</eSymb>




       </DicoLoc>

       <SectionBDD_Observation>
             <BDD_PtsLiaisons>
                 <Id>    Id_Pastis_Hom  </Id>
                 <KeySet> NKS-Set-Homol@@${Ext}  </KeySet>
                 <KeyAssoc>  NKS-Assoc-CplIm2Hom@@${Ext}   </KeyAssoc>
            </BDD_PtsLiaisons>
       </SectionBDD_Observation>

       <SectionInconnues>
             <CamGenInc>
                    <PatterName>  ${SetImGB} </PatterName>
                    <Orient>      ${AeroIn}  </Orient>
                    <ErrorWhenEmpytPat> true </ErrorWhenEmpytPat>
             </CamGenInc>
        </SectionInconnues>


        <SectionChantier>
	     <DirectoryChantier> XXXX </DirectoryChantier>
             <GenereErreurOnContraineCam> false </GenereErreurOnContraineCam>
             <SauvAutomBasic>  true </SauvAutomBasic>
        </SectionChantier>

        <SectionSolveur>
	      <ModeResolution> eSysL2BlocSym </ModeResolution> 
        </SectionSolveur>



	<SectionCompensation>
	      <EtapeCompensation>
                   <IterationsCompensation> </IterationsCompensation>

                   <IterationsCompensation> </IterationsCompensation>
                   <IterationsCompensation> </IterationsCompensation>
                   <IterationsCompensation> </IterationsCompensation>
                   <IterationsCompensation> </IterationsCompensation>


		    <SectionObservations>
                          <ObsLiaisons>
                              <NameRef> Id_Pastis_Hom </NameRef>
                              <Pond>
                                 <EcartMesureIndiv>  1.0 </EcartMesureIndiv>
                                 <Show> eNSM_Paquet     </Show>
                                 <NbMax>   ${NbLiais}    </NbMax>
				 <ModePonderation>  eL1Secured </ModePonderation>
				 <SigmaPond> ${SigmaTieP} </SigmaPond>
				 <EcartMax>  ${MaxResTieP} </EcartMax>
                              </Pond>
                          </ObsLiaisons>

                          <ContrCamGenInc>
                               <PatternApply> .*  </PatternApply>
                               <PdsAttachToId>   1e-5     </PdsAttachToId>
                               <PdsAttachToLast> 1e-3    </PdsAttachToLast>
                          </ContrCamGenInc>

		    </SectionObservations>

                    <SectionExport>
<!--
                            <ExportPose>
                                <PatternSel> (.*) </PatternSel>
                                <KeyAssoc> NKS-Assoc-Im2Orient@${AeroOut} </KeyAssoc>
                                <AddCalib>  true </AddCalib>
                                <NbVerif>  10 </NbVerif>
                                <TolWhenVerif> 1e-3 </TolWhenVerif>
                                <FileExtern> NKS-Assoc-FromFocMm@Ori${AeroOut}/AutoCal@.xml </FileExtern>
                                <FileExternIsKey> true </FileExternIsKey>
                            </ExportPose>
                            <ExportCalib>
                                 <KeyAssoc>  NKS-Assoc-FromKeyCal@Ori${AeroOut}/AutoCal@.xml </KeyAssoc>
                                 <KeyIsName> false </KeyIsName>
                            </ExportCalib>
                            <ExportResiduXml> Ori${AeroOut}/Residus.xml </ExportResiduXml>
-->
                    </SectionExport>
	      </EtapeCompensation>
	</SectionCompensation>

   </ParamApero>
</Global>

