<!--
    Apero /home/mpd/MMM/culture3d/include/XML_MicMac/Test-Apero-BundleGen.xml   DirectoryChantier=/media/data2/Jeux-Test/Dino/ 

    Apero /home/marc/MMM/culture3d/include/XML_MicMac/Test-Apero-BundleGen.xml   DirectoryChantier=/home/marc/TMP/EPI/Enclos/Bas/
-->

<Global >
   <ParamApero>

       <DicoLoc>


<!--
           <Symb>  SetIm=IMGP939[6-9].PEF </Symb>
           <Symb>  SetImGB=IMGP940[0-1].PEF </Symb>
-->
           <Symb>  SetIm=_MG_009[9-9].CR2 </Symb>
           <Symb>  SetImGB=(_MG_010[0-0].CR2) </Symb>


           <Symb>  AeroIn=-Bundle </Symb>

           <Symb>  AeroOut=-ResBundle </Symb>
           <Symb>  Ext=dat </Symb>

           <Symb>  LibParamInterne=eAllParamFiges  </Symb>
           <Symb>  SigmaTieP=4  </Symb>
           <Symb>  FactMaxRes=50  </Symb>
           <Symb>  NbLiais=100 </Symb>


           <eSymb>  MaxResTieP=* ${SigmaTieP} ${FactMaxRes}  </eSymb>

           <Symb>  Viscos=1 </Symb>
           <eSymb>  TetaLVM=/   0.1 ${Viscos} </eSymb>
           <eSymb>  CentreLVM=/ 1.0  ${Viscos}</eSymb>




       </DicoLoc>

       <SectionBDD_Observation>
             <BDD_PtsLiaisons>
                 <Id>    Id_Pastis_Hom  </Id>
                 <KeySet> NKS-Set-Homol@@${Ext}  </KeySet>
                 <KeyAssoc>  NKS-Assoc-CplIm2Hom@@${Ext}   </KeyAssoc>
            </BDD_PtsLiaisons>

            <BDD_Orient>
                  <Id>  Or-Init   </Id>
                  <KeySet>  NKS-Set-Orient@${AeroIn} </KeySet>
                  <KeyAssoc>  NKS-Assoc-Im2Orient@${AeroIn} </KeyAssoc>
             </BDD_Orient>

               
       </SectionBDD_Observation>

       <SectionInconnues>

             <CalibrationCameraInc>
                <Name> GenerateKC-Others   </Name>
                <CalValueInit>
                         <CalFromFileExtern>
                              <NameFile>   ####  </NameFile>
                              <NameTag>    CalibrationInternConique </NameTag>
                              <AutorizeNonExisting > false </AutorizeNonExisting>
                         </CalFromFileExtern>
                </CalValueInit>
                <CalibPerPose>
                         <KeyPose2Cal> NKS-Assoc-FromFocMm@TheKeyCalib_@ </KeyPose2Cal>
                         <KeyInitFromPose>  NKS-Assoc-FromFocMm@Ori${AeroIn}/AutoCal@.xml  </KeyInitFromPose>
                </CalibPerPose>
                <RayIsRelatifDiag  > true </RayIsRelatifDiag>
                <RayApplyOnlyFE > true </RayApplyOnlyFE>
             </CalibrationCameraInc>


             <CamGenInc>
                    <PatterName>  ${SetImGB} </PatterName>
                    <Orient>      ${AeroIn}  </Orient>
                    <ErrorWhenEmpytPat> true </ErrorWhenEmpytPat>
              </CamGenInc>


             <PoseCameraInc>
                   <PatternName>    ${SetIm} </PatternName>
                   <CalcNameCalib>  GenerateKC-Others </CalcNameCalib>
                   
                   <PosValueInit>
                       <PosFromBDOrient> Or-Init </PosFromBDOrient>
                   </PosValueInit>
             </PoseCameraInc>

        </SectionInconnues>


        <SectionChantier>
	     <DirectoryChantier> XXXX </DirectoryChantier>
             <GenereErreurOnContraineCam> false </GenereErreurOnContraineCam>
             <SauvAutomBasic>  true </SauvAutomBasic>
        </SectionChantier>

        <SectionSolveur>
	      <ModeResolution> eSysL2BlocSym </ModeResolution> 

              <SLMGlob> 
                 <RappelOnAngles>
                      <ParamF >
                          <PatternNameApply> .* </PatternNameApply>
                          <Incertitude> ${TetaLVM} </Incertitude>
                          <OnCur> true </OnCur>  
                       </ParamF>
                      <TetaApply> 0 </TetaApply>
                      <TetaApply> 1 </TetaApply>
                      <TetaApply> 2 </TetaApply>
                </RappelOnAngles>
                 <RappelOnCentres>
                      <ParamF> 
                             <PatternNameApply> .* </PatternNameApply>
                             <Incertitude> ${CentreLVM} </Incertitude>
                             <OnCur> true </OnCur>  
                      </ParamF>
                      <OnlyWhenNoCentreInit> true</OnlyWhenNoCentreInit>
                </RappelOnCentres>

             </SLMGlob>

        </SectionSolveur>



	<SectionCompensation>
	      <EtapeCompensation>
                   <IterationsCompensation>
                       <SectionContraintes>
                          <ContraintesCamerasInc>
                              <Val> eAllParamFiges  </Val>
                          </ContraintesCamerasInc>
                          <ContraintesPoses>
                                   <NamePose>   ${SetIm} </NamePose>
                                   <ByPattern>  true </ByPattern>
                                   <Val>      ePoseFigee   </Val>
                          </ContraintesPoses>


                       </SectionContraintes>

                   </IterationsCompensation>


                   <IterationsCompensation> </IterationsCompensation>
                   <IterationsCompensation> </IterationsCompensation>
                   <IterationsCompensation> </IterationsCompensation>
                   <IterationsCompensation> </IterationsCompensation>


		    <SectionObservations>
                          <ObsLiaisons>
                              <NameRef> Id_Pastis_Hom </NameRef>
                              <Pond>
                                 <EcartMesureIndiv>  1.0 </EcartMesureIndiv>
                                 <Show> eNSM_Paquet     </Show>
                                 <NbMax>   ${NbLiais}    </NbMax>
				 <ModePonderation>  eL1Secured </ModePonderation>
				 <SigmaPond> ${SigmaTieP} </SigmaPond>
				 <EcartMax>  ${MaxResTieP} </EcartMax>
                              </Pond>
                          </ObsLiaisons>

                          <ContrCamGenInc>
                               <PatternApply> .*  </PatternApply>
                               <PdsAttachToId>   1e-5     </PdsAttachToId>
                               <PdsAttachToLast> 1e-3    </PdsAttachToLast>
                          </ContrCamGenInc>

		    </SectionObservations>

                    <SectionExport>
                            <ExportPose>
                                <PatternSel> (.*) </PatternSel>
                                <KeyAssoc> NKS-Assoc-Im2Orient@${AeroOut} </KeyAssoc>
                                <AddCalib>  true </AddCalib>
                                <NbVerif>  10 </NbVerif>
                                <TolWhenVerif> 1e-3 </TolWhenVerif>
                                <FileExtern> NKS-Assoc-FromFocMm@Ori${AeroOut}/AutoCal@.xml </FileExtern>
                                <FileExternIsKey> true </FileExternIsKey>
                            </ExportPose>
                            <ExportCalib>
                                 <KeyAssoc>  NKS-Assoc-FromKeyCal@Ori${AeroOut}/AutoCal@.xml </KeyAssoc>
                                 <KeyIsName> false </KeyIsName>
                            </ExportCalib>
                            <ExportResiduXml> Ori${AeroOut}/Residus.xml </ExportResiduXml>
                    </SectionExport>
	      </EtapeCompensation>
	</SectionCompensation>

   </ParamApero>
</Global>

